# JRE version: Java(TM) SE Runtime Environment (8.0_271-b09) (build 1.8.0_271-b09)
# Java VM: Java HotSpot(TM) 64-Bit Server VM (25.271-b09 mixed mode windows-amd64 compressed oops)
Heap:
 PSYoungGen      total 141824K, used 140896K [0x000000076b200000, 0x000000077d600000, 0x00000007c0000000)
  eden space 131072K, 99% used [0x000000076b200000,0x00000007731199e8,0x0000000773200000)
  from space 10752K, 99% used [0x0000000773200000,0x0000000773c7e650,0x0000000773c80000)
  to   space 18432K, 0% used [0x000000077c400000,0x000000077c400000,0x000000077d600000)
 ParOldGen       total 175104K, used 8184K [0x00000006c1600000, 0x00000006cc100000, 0x000000076b200000)
  object space 175104K, 4% used [0x00000006c1600000,0x00000006c1dfe000,0x00000006cc100000)
 Metaspace       used 9846K, capacity 10053K, committed 10112K, reserved 1058816K
  class space    used 787K, capacity 871K, committed 896K, reserved 1048576K
GC Heap History (10 events):
Event: 0.891 GC heap before
{Heap before GC invocations=1 (full 0):
 PSYoungGen      total 76288K, used 65536K [0x000000076b200000, 0x0000000770700000, 0x00000007c0000000)
  eden space 65536K, 100% used [0x000000076b200000,0x000000076f200000,0x000000076f200000)
  from space 10752K, 0% used [0x000000076fc80000,0x000000076fc80000,0x0000000770700000)
  to   space 10752K, 0% used [0x000000076f200000,0x000000076f200000,0x000000076fc80000)
 ParOldGen       total 175104K, used 0K [0x00000006c1600000, 0x00000006cc100000, 0x000000076b200000)
  object space 175104K, 0% used [0x00000006c1600000,0x00000006c1600000,0x00000006cc100000)
 Metaspace       used 9805K, capacity 10053K, committed 10112K, reserved 1058816K
  class space    used 786K, capacity 871K, committed 896K, reserved 1048576K
Event: 0.895 GC heap after
Heap after GC invocations=1 (full 0):
 PSYoungGen      total 76288K, used 5965K [0x000000076b200000, 0x0000000770700000, 0x00000007c0000000)
  eden space 65536K, 0% used [0x000000076b200000,0x000000076b200000,0x000000076f200000)
  from space 10752K, 55% used [0x000000076f200000,0x000000076f7d3490,0x000000076fc80000)
  to   space 10752K, 0% used [0x000000076fc80000,0x000000076fc80000,0x0000000770700000)
 ParOldGen       total 175104K, used 16K [0x00000006c1600000, 0x00000006cc100000, 0x000000076b200000)
  object space 175104K, 0% used [0x00000006c1600000,0x00000006c1604000,0x00000006cc100000)
 Metaspace       used 9805K, capacity 10053K, committed 10112K, reserved 1058816K
  class space    used 786K, capacity 871K, committed 896K, reserved 1048576K
}
Event: 0.932 GC heap before
{Heap before GC invocations=2 (full 0):
 PSYoungGen      total 76288K, used 71501K [0x000000076b200000, 0x0000000770700000, 0x00000007c0000000)
  eden space 65536K, 100% used [0x000000076b200000,0x000000076f200000,0x000000076f200000)
  from space 10752K, 55% used [0x000000076f200000,0x000000076f7d3490,0x000000076fc80000)
  to   space 10752K, 0% used [0x000000076fc80000,0x000000076fc80000,0x0000000770700000)
 ParOldGen       total 175104K, used 16K [0x00000006c1600000, 0x00000006cc100000, 0x000000076b200000)
  object space 175104K, 0% used [0x00000006c1600000,0x00000006c1604000,0x00000006cc100000)
 Metaspace       used 9831K, capacity 10053K, committed 10112K, reserved 1058816K
  class space    used 786K, capacity 871K, committed 896K, reserved 1048576K
Event: 0.936 GC heap after
Heap after GC invocations=2 (full 0):
 PSYoungGen      total 76288K, used 6353K [0x000000076b200000, 0x0000000774700000, 0x00000007c0000000)
  eden space 65536K, 0% used [0x000000076b200000,0x000000076b200000,0x000000076f200000)
  from space 10752K, 59% used [0x000000076fc80000,0x00000007702b4538,0x0000000770700000)
  to   space 10752K, 0% used [0x000000076f200000,0x000000076f200000,0x000000076fc80000)
 ParOldGen       total 175104K, used 24K [0x00000006c1600000, 0x00000006cc100000, 0x000000076b200000)
  object space 175104K, 0% used [0x00000006c1600000,0x00000006c1606000,0x00000006cc100000)
 Metaspace       used 9831K, capacity 10053K, committed 10112K, reserved 1058816K
  class space    used 786K, capacity 871K, committed 896K, reserved 1048576K
}
Event: 0.966 GC heap before
{Heap before GC invocations=3 (full 0):
 PSYoungGen      total 76288K, used 71889K [0x000000076b200000, 0x0000000774700000, 0x00000007c0000000)
  eden space 65536K, 100% used [0x000000076b200000,0x000000076f200000,0x000000076f200000)
  from space 10752K, 59% used [0x000000076fc80000,0x00000007702b4538,0x0000000770700000)
  to   space 10752K, 0% used [0x000000076f200000,0x000000076f200000,0x000000076fc80000)
 ParOldGen       total 175104K, used 24K [0x00000006c1600000, 0x00000006cc100000, 0x000000076b200000)
  object space 175104K, 0% used [0x00000006c1600000,0x00000006c1606000,0x00000006cc100000)
 Metaspace       used 9831K, capacity 10053K, committed 10112K, reserved 1058816K
  class space    used 786K, capacity 871K, committed 896K, reserved 1048576K
Event: 0.972 GC heap after
Heap after GC invocations=3 (full 0):
 PSYoungGen      total 76288K, used 8799K [0x000000076b200000, 0x0000000774700000, 0x00000007c0000000)
  eden space 65536K, 0% used [0x000000076b200000,0x000000076b200000,0x000000076f200000)
  from space 10752K, 81% used [0x000000076f200000,0x000000076fa97f88,0x000000076fc80000)
  to   space 10752K, 0% used [0x0000000773c80000,0x0000000773c80000,0x0000000774700000)
 ParOldGen       total 175104K, used 32K [0x00000006c1600000, 0x00000006cc100000, 0x000000076b200000)
  object space 175104K, 0% used [0x00000006c1600000,0x00000006c1608000,0x00000006cc100000)
 Metaspace       used 9831K, capacity 10053K, committed 10112K, reserved 1058816K
  class space    used 786K, capacity 871K, committed 896K, reserved 1048576K
}
Event: 1.007 GC heap before
{Heap before GC invocations=4 (full 0):
 PSYoungGen      total 76288K, used 74335K [0x000000076b200000, 0x0000000774700000, 0x00000007c0000000)
  eden space 65536K, 100% used [0x000000076b200000,0x000000076f200000,0x000000076f200000)
  from space 10752K, 81% used [0x000000076f200000,0x000000076fa97f88,0x000000076fc80000)
  to   space 10752K, 0% used [0x0000000773c80000,0x0000000773c80000,0x0000000774700000)
 ParOldGen       total 175104K, used 32K [0x00000006c1600000, 0x00000006cc100000, 0x000000076b200000)
  object space 175104K, 0% used [0x00000006c1600000,0x00000006c1608000,0x00000006cc100000)
 Metaspace       used 9846K, capacity 10053K, committed 10112K, reserved 1058816K
  class space    used 787K, capacity 871K, committed 896K, reserved 1048576K
Event: 1.014 GC heap after
Heap after GC invocations=4 (full 0):
 PSYoungGen      total 141824K, used 10741K [0x000000076b200000, 0x0000000774700000, 0x00000007c0000000)
  eden space 131072K, 0% used [0x000000076b200000,0x000000076b200000,0x0000000773200000)
  from space 10752K, 99% used [0x0000000773c80000,0x00000007746fd6d0,0x0000000774700000)
  to   space 10752K, 0% used [0x0000000773200000,0x0000000773200000,0x0000000773c80000)
 ParOldGen       total 175104K, used 1528K [0x00000006c1600000, 0x00000006cc100000, 0x000000076b200000)
  object space 175104K, 0% used [0x00000006c1600000,0x00000006c177e000,0x00000006cc100000)
 Metaspace       used 9846K, capacity 10053K, committed 10112K, reserved 1058816K
  class space    used 787K, capacity 871K, committed 896K, reserved 1048576K
}
Event: 1.092 GC heap before
{Heap before GC invocations=5 (full 0):
 PSYoungGen      total 141824K, used 141813K [0x000000076b200000, 0x0000000774700000, 0x00000007c0000000)
  eden space 131072K, 100% used [0x000000076b200000,0x0000000773200000,0x0000000773200000)
  from space 10752K, 99% used [0x0000000773c80000,0x00000007746fd6d0,0x0000000774700000)
  to   space 10752K, 0% used [0x0000000773200000,0x0000000773200000,0x0000000773c80000)
 ParOldGen       total 175104K, used 1528K [0x00000006c1600000, 0x00000006cc100000, 0x000000076b200000)
  object space 175104K, 0% used [0x00000006c1600000,0x00000006c177e000,0x00000006cc100000)
 Metaspace       used 9846K, capacity 10053K, committed 10112K, reserved 1058816K
  class space    used 787K, capacity 871K, committed 896K, reserved 1048576K
Event: 1.102 GC heap after
Heap after GC invocations=5 (full 0):
 PSYoungGen      total 141824K, used 10745K [0x000000076b200000, 0x000000077d600000, 0x00000007c0000000)
  eden space 131072K, 0% used [0x000000076b200000,0x000000076b200000,0x0000000773200000)
  from space 10752K, 99% used [0x0000000773200000,0x0000000773c7e650,0x0000000773c80000)
  to   space 18432K, 0% used [0x000000077c400000,0x000000077c400000,0x000000077d600000)
 ParOldGen       total 175104K, used 8184K [0x00000006c1600000, 0x00000006cc100000, 0x000000076b200000)
  object space 175104K, 4% used [0x00000006c1600000,0x00000006c1dfe000,0x00000006cc100000)
 Metaspace       used 9846K, capacity 10053K, committed 10112K, reserved 1058816K
  class space    used 787K, capacity 871K, committed 896K, reserved 1048576K
}

